12:23:35.415 [restartedMain] [ INFO] com.example.gp.GpApplication[logStarting:55] Starting GpApplication using Java 17.0.7 on DESKTOP-1GP1RVK with PID 10832 (C:\Users\h\Desktop\PJ\GP\out\production\classes started by moon2 in C:\Users\h\Desktop\PJ\GP)
12:23:35.431 [restartedMain] [ INFO] com.example.gp.GpApplication[logStartupProfileInfo:631] No active profile set, falling back to 1 default profile: "default"
12:23:36.108 [restartedMain] [ INFO] o.s.b.d.e.DevToolsPropertyDefaultsPostProcessor[logTo:255] Devtools property defaults active! Set 'spring.devtools.add-properties' to 'false' to disable
12:23:36.112 [restartedMain] [ INFO] o.s.b.d.e.DevToolsPropertyDefaultsPostProcessor[logTo:255] For additional web related logging consider setting the 'logging.level.web' property to 'DEBUG'
12:23:38.227 [restartedMain] [ INFO] o.s.d.r.c.RepositoryConfigurationDelegate[registerRepositoriesIn:132] Bootstrapping Spring Data JPA repositories in DEFAULT mode.
12:23:38.439 [restartedMain] [ INFO] o.s.d.r.c.RepositoryConfigurationDelegate[registerRepositoriesIn:201] Finished Spring Data repository scanning in 190 ms. Found 4 JPA repository interfaces.
12:23:40.551 [restartedMain] [ INFO] o.s.b.w.e.tomcat.TomcatWebServer[initialize:108] Tomcat initialized with port(s): 8080 (http)
12:23:40.574 [restartedMain] [ INFO] o.a.catalina.core.StandardService[log:173] Starting service [Tomcat]
12:23:40.575 [restartedMain] [ INFO] o.a.catalina.core.StandardEngine[log:173] Starting Servlet engine: [Apache Tomcat/9.0.70]
12:23:41.056 [restartedMain] [ INFO] o.a.c.c.C.[Tomcat].[localhost].[/][log:173] Initializing Spring embedded WebApplicationContext
12:23:41.058 [restartedMain] [ INFO] o.s.b.w.s.c.ServletWebServerApplicationContext[prepareWebApplicationContext:292] Root WebApplicationContext: initialization completed in 4942 ms
12:23:41.467 [restartedMain] [ INFO] o.h.jpa.internal.util.LogHelper[logPersistenceUnitInformation:31] HHH000204: Processing PersistenceUnitInfo [name: default]
12:23:41.659 [restartedMain] [ INFO] org.hibernate.Version[logVersion:44] HHH000412: Hibernate ORM core version 5.6.14.Final
12:23:42.103 [restartedMain] [ INFO] o.h.annotations.common.Version[<clinit>:56] HCANN000001: Hibernate Commons Annotations {5.1.2.Final}
12:23:42.432 [restartedMain] [ INFO] com.zaxxer.hikari.HikariDataSource[getConnection:110] HikariPool-1 - Starting...
12:23:42.600 [restartedMain] [ INFO] com.zaxxer.hikari.HikariDataSource[getConnection:123] HikariPool-1 - Start completed.
12:23:42.648 [restartedMain] [ INFO] org.hibernate.dialect.Dialect[<init>:175] HHH000400: Using dialect: org.hibernate.dialect.MariaDBDialect
12:23:44.340 [restartedMain] [ INFO] o.h.e.t.j.p.i.JtaPlatformInitiator[initiateService:52] HHH000490: Using JtaPlatform implementation: [org.hibernate.engine.transaction.jta.platform.internal.NoJtaPlatform]
12:23:44.363 [restartedMain] [ INFO] o.s.o.j.LocalContainerEntityManagerFactoryBean[buildNativeEntityManagerFactory:437] Initialized JPA EntityManagerFactory for persistence unit 'default'
12:23:45.932 [restartedMain] [ WARN] o.s.b.a.o.j.JpaBaseConfiguration$JpaWebConfiguration[openEntityManagerInViewInterceptor:219] spring.jpa.open-in-view is enabled by default. Therefore, database queries may be performed during view rendering. Explicitly configure spring.jpa.open-in-view to disable this warning
12:23:48.400 [restartedMain] [ INFO] o.s.b.d.a.OptionalLiveReloadServer[startServer:59] LiveReload server is running on port 35729
12:23:48.471 [restartedMain] [ INFO] o.s.b.w.e.tomcat.TomcatWebServer[start:220] Tomcat started on port(s): 8080 (http) with context path ''
12:23:48.474 [restartedMain] [ INFO] o.s.m.s.b.SimpleBrokerMessageHandler[info:117] Starting...
12:23:48.475 [restartedMain] [ INFO] o.s.m.s.b.SimpleBrokerMessageHandler[info:117] BrokerAvailabilityEvent[available=true, SimpleBrokerMessageHandler [org.springframework.messaging.simp.broker.DefaultSubscriptionRegistry@1c3054be]]
12:23:48.476 [restartedMain] [ INFO] o.s.m.s.b.SimpleBrokerMessageHandler[info:117] Started.
12:23:48.488 [restartedMain] [ INFO] com.example.gp.GpApplication[logStarted:61] Started GpApplication in 16.126 seconds (JVM running for 18.743)
12:24:44.230 [SpringApplicationShutdownHook] [ INFO] o.s.m.s.b.SimpleBrokerMessageHandler[info:117] Stopping...
12:24:44.231 [SpringApplicationShutdownHook] [ INFO] o.s.m.s.b.SimpleBrokerMessageHandler[info:117] BrokerAvailabilityEvent[available=false, SimpleBrokerMessageHandler [org.springframework.messaging.simp.broker.DefaultSubscriptionRegistry@1c3054be]]
12:24:44.232 [SpringApplicationShutdownHook] [ INFO] o.s.m.s.b.SimpleBrokerMessageHandler[info:117] Stopped.
12:24:44.263 [SpringApplicationShutdownHook] [ INFO] o.s.o.j.LocalContainerEntityManagerFactoryBean[destroy:651] Closing JPA EntityManagerFactory for persistence unit 'default'
12:24:44.268 [SpringApplicationShutdownHook] [ INFO] com.zaxxer.hikari.HikariDataSource[close:350] HikariPool-1 - Shutdown initiated...
12:24:44.350 [SpringApplicationShutdownHook] [ INFO] com.zaxxer.hikari.HikariDataSource[close:352] HikariPool-1 - Shutdown completed.
12:24:53.855 [restartedMain] [ INFO] com.example.gp.GpApplication[logStarting:55] Starting GpApplication using Java 17.0.7 on DESKTOP-1GP1RVK with PID 4524 (C:\Users\h\Desktop\PJ\GP\out\production\classes started by moon2 in C:\Users\h\Desktop\PJ\GP)
12:24:53.866 [restartedMain] [ INFO] com.example.gp.GpApplication[logStartupProfileInfo:631] No active profile set, falling back to 1 default profile: "default"
12:24:54.406 [restartedMain] [ INFO] o.s.b.d.e.DevToolsPropertyDefaultsPostProcessor[logTo:255] Devtools property defaults active! Set 'spring.devtools.add-properties' to 'false' to disable
12:24:54.408 [restartedMain] [ INFO] o.s.b.d.e.DevToolsPropertyDefaultsPostProcessor[logTo:255] For additional web related logging consider setting the 'logging.level.web' property to 'DEBUG'
12:24:56.072 [restartedMain] [ INFO] o.s.d.r.c.RepositoryConfigurationDelegate[registerRepositoriesIn:132] Bootstrapping Spring Data JPA repositories in DEFAULT mode.
12:24:56.256 [restartedMain] [ INFO] o.s.d.r.c.RepositoryConfigurationDelegate[registerRepositoriesIn:201] Finished Spring Data repository scanning in 165 ms. Found 4 JPA repository interfaces.
12:24:57.612 [restartedMain] [ INFO] o.s.b.w.e.tomcat.TomcatWebServer[initialize:108] Tomcat initialized with port(s): 8080 (http)
12:24:57.637 [restartedMain] [ INFO] o.a.catalina.core.StandardService[log:173] Starting service [Tomcat]
12:24:57.638 [restartedMain] [ INFO] o.a.catalina.core.StandardEngine[log:173] Starting Servlet engine: [Apache Tomcat/9.0.70]
12:24:58.026 [restartedMain] [ INFO] o.a.c.c.C.[Tomcat].[localhost].[/][log:173] Initializing Spring embedded WebApplicationContext
12:24:58.027 [restartedMain] [ INFO] o.s.b.w.s.c.ServletWebServerApplicationContext[prepareWebApplicationContext:292] Root WebApplicationContext: initialization completed in 3617 ms
12:24:58.348 [restartedMain] [ INFO] o.h.jpa.internal.util.LogHelper[logPersistenceUnitInformation:31] HHH000204: Processing PersistenceUnitInfo [name: default]
12:24:58.500 [restartedMain] [ INFO] org.hibernate.Version[logVersion:44] HHH000412: Hibernate ORM core version 5.6.14.Final
12:24:58.918 [restartedMain] [ INFO] o.h.annotations.common.Version[<clinit>:56] HCANN000001: Hibernate Commons Annotations {5.1.2.Final}
12:24:59.216 [restartedMain] [ INFO] com.zaxxer.hikari.HikariDataSource[getConnection:110] HikariPool-1 - Starting...
12:24:59.386 [restartedMain] [ INFO] com.zaxxer.hikari.HikariDataSource[getConnection:123] HikariPool-1 - Start completed.
12:24:59.440 [restartedMain] [ INFO] org.hibernate.dialect.Dialect[<init>:175] HHH000400: Using dialect: org.hibernate.dialect.MariaDBDialect
12:25:01.090 [restartedMain] [ INFO] o.h.e.t.j.p.i.JtaPlatformInitiator[initiateService:52] HHH000490: Using JtaPlatform implementation: [org.hibernate.engine.transaction.jta.platform.internal.NoJtaPlatform]
12:25:01.112 [restartedMain] [ INFO] o.s.o.j.LocalContainerEntityManagerFactoryBean[buildNativeEntityManagerFactory:437] Initialized JPA EntityManagerFactory for persistence unit 'default'
12:25:02.446 [restartedMain] [ WARN] o.s.b.a.o.j.JpaBaseConfiguration$JpaWebConfiguration[openEntityManagerInViewInterceptor:219] spring.jpa.open-in-view is enabled by default. Therefore, database queries may be performed during view rendering. Explicitly configure spring.jpa.open-in-view to disable this warning
12:25:04.779 [restartedMain] [ INFO] o.s.b.d.a.OptionalLiveReloadServer[startServer:59] LiveReload server is running on port 35729
12:25:04.853 [restartedMain] [ INFO] o.s.b.w.e.tomcat.TomcatWebServer[start:220] Tomcat started on port(s): 8080 (http) with context path ''
12:25:04.856 [restartedMain] [ INFO] o.s.m.s.b.SimpleBrokerMessageHandler[info:117] Starting...
12:25:04.857 [restartedMain] [ INFO] o.s.m.s.b.SimpleBrokerMessageHandler[info:117] BrokerAvailabilityEvent[available=true, SimpleBrokerMessageHandler [org.springframework.messaging.simp.broker.DefaultSubscriptionRegistry@493edb34]]
12:25:04.858 [restartedMain] [ INFO] o.s.m.s.b.SimpleBrokerMessageHandler[info:117] Started.
12:25:04.872 [restartedMain] [ INFO] com.example.gp.GpApplication[logStarted:61] Started GpApplication in 13.652 seconds (JVM running for 16.264)
12:26:02.392 [MessageBroker-1] [ INFO] o.s.w.s.c.WebSocketMessageBrokerStats[lambda$initLoggingTask$0:128] WebSocketSession[0 current WS(0)-HttpStream(0)-HttpPoll(0), 0 total, 0 closed abnormally (0 connect failure, 0 send limit, 0 transport error)], stompSubProtocol[processed CONNECT(0)-CONNECTED(0)-DISCONNECT(0)], stompBrokerRelay[null], inboundChannel[pool size = 0, active threads = 0, queued tasks = 0, completed tasks = 0], outboundChannel[pool size = 0, active threads = 0, queued tasks = 0, completed tasks = 0], sockJsScheduler[pool size = 1, active threads = 1, queued tasks = 0, completed tasks = 0]
12:26:12.468 [SpringApplicationShutdownHook] [ INFO] o.s.m.s.b.SimpleBrokerMessageHandler[info:117] Stopping...
12:26:12.469 [SpringApplicationShutdownHook] [ INFO] o.s.m.s.b.SimpleBrokerMessageHandler[info:117] BrokerAvailabilityEvent[available=false, SimpleBrokerMessageHandler [org.springframework.messaging.simp.broker.DefaultSubscriptionRegistry@493edb34]]
12:26:12.470 [SpringApplicationShutdownHook] [ INFO] o.s.m.s.b.SimpleBrokerMessageHandler[info:117] Stopped.
12:26:12.504 [SpringApplicationShutdownHook] [ INFO] o.s.o.j.LocalContainerEntityManagerFactoryBean[destroy:651] Closing JPA EntityManagerFactory for persistence unit 'default'
12:26:12.509 [SpringApplicationShutdownHook] [ INFO] com.zaxxer.hikari.HikariDataSource[close:350] HikariPool-1 - Shutdown initiated...
12:26:12.596 [SpringApplicationShutdownHook] [ INFO] com.zaxxer.hikari.HikariDataSource[close:352] HikariPool-1 - Shutdown completed.
